<?xml version="1.0" encoding="UTF-8"?>
<testng-results ignored="0" total="1" passed="1" failed="0" skipped="0">
  <reporter-output>
  </reporter-output>
  <suite started-at="2024-06-07T13:37:26 IST" name="Default suite" finished-at="2024-06-07T13:37:37 IST" duration-ms="11303">
    <groups>
    </groups>
    <test started-at="2024-06-07T13:37:26 IST" name="Default test" finished-at="2024-06-07T13:37:37 IST" duration-ms="11303">
      <class name="com.apiTest.ApiTest.ap7v1_api">
        <test-method signature="iipsrv()[pri:1, instance:com.apiTest.ApiTest.ap7v1_api@4310d43]" started-at="2024-06-07T13:37:26 IST" name="iipsrv" finished-at="2024-06-07T13:37:37 IST" duration-ms="11164" status="PASS">
          <reporter-output>
          </reporter-output>
        </test-method> <!-- iipsrv -->
      </class> <!-- com.apiTest.ApiTest.ap7v1_api -->
    </test> <!-- Default test -->
  </suite> <!-- Default suite -->
</testng-results>
