<?xml version="1.0" encoding="UTF-8"?>
<testng-results ignored="0" total="1" passed="1" failed="0" skipped="0">
  <reporter-output>
  </reporter-output>
  <suite started-at="2024-03-27T13:01:05 IST" name="Default suite" finished-at="2024-03-27T13:01:06 IST" duration-ms="1292">
    <groups>
    </groups>
    <test started-at="2024-03-27T13:01:05 IST" name="Default test" finished-at="2024-03-27T13:01:06 IST" duration-ms="1292">
      <class name="com.apiTest.ApiTest.APITest">
        <test-method signature="iipsrv()[pri:1, instance:com.apiTest.ApiTest.APITest@6253c26]" started-at="2024-03-27T13:01:05 IST" name="iipsrv" finished-at="2024-03-27T13:01:06 IST" duration-ms="1261" status="PASS">
          <reporter-output>
          </reporter-output>
        </test-method> <!-- iipsrv -->
      </class> <!-- com.apiTest.ApiTest.APITest -->
    </test> <!-- Default test -->
  </suite> <!-- Default suite -->
</testng-results>
